{"name": "Admin login", "status": "broken", "statusDetails": {"message": "selenium.common.exceptions.NoSuchWindowException: Message: no such window: target window already closed\nfrom unknown error: web view not found\n  (Session info: chrome=116.0.5845.97)\nStacktrace:\n\tGetHandleVerifier [0x00007FF682D252A2+57122]\n\t(No symbol) [0x00007FF682C9EA92]\n\t(No symbol) [0x00007FF682B6E3AB]\n\t(No symbol) [0x00007FF682B4E1B9]\n\t(No symbol) [0x00007FF682BCB417]\n\t(No symbol) [0x00007FF682BDE24F]\n\t(No symbol) [0x00007FF682BC6DB3]\n\t(No symbol) [0x00007FF682B9D2B1]\n\t(No symbol) [0x00007FF682B9E494]\n\tGetHandleVerifier [0x00007FF682FCEF82+2849794]\n\tGetHandleVerifier [0x00007FF683021D24+3189156]\n\tGetHandleVerifier [0x00007FF68301ACAF+3160367]\n\tGetHandleVerifier [0x00007FF682DB6D06+653702]\n\t(No symbol) [0x00007FF682CAA208]\n\t(No symbol) [0x00007FF682CA62C4]\n\t(No symbol) [0x00007FF682CA63F6]\n\t(No symbol) [0x00007FF682C967A3]\n\tBaseThreadInitThunk [0x00007FF920847614+20]\n\tRtlUserThreadStart [0x00007FF921B426B1+33]\n\n", "trace": "  File \"C:\\Users\\metal\\PycharmProjects\\Project_1\\venv\\Lib\\site-packages\\behave\\runner.py\", line 545, in run_hook\n    self.hooks[name](context, *args)\n  File \"features\\environment.py\", line 28, in after_step\n    allure.attach(context.driver.get_screenshot_as_png(),\n                  ^^^^^^^^^^^^^^^^^^^^^^^^^^^^^^^^^^^^^^\n  File \"C:\\Users\\metal\\PycharmProjects\\Project_1\\venv\\Lib\\site-packages\\selenium\\webdriver\\remote\\webdriver.py\", line 836, in get_screenshot_as_png\n    return b64decode(self.get_screenshot_as_base64().encode(\"ascii\"))\n                     ^^^^^^^^^^^^^^^^^^^^^^^^^^^^^^^\n  File \"C:\\Users\\metal\\PycharmProjects\\Project_1\\venv\\Lib\\site-packages\\selenium\\webdriver\\remote\\webdriver.py\", line 847, in get_screenshot_as_base64\n    return self.execute(Command.SCREENSHOT)[\"value\"]\n           ^^^^^^^^^^^^^^^^^^^^^^^^^^^^^^^^\n  File \"C:\\Users\\metal\\PycharmProjects\\Project_1\\venv\\Lib\\site-packages\\selenium\\webdriver\\remote\\webdriver.py\", line 345, in execute\n    self.error_handler.check_response(response)\n  File \"C:\\Users\\metal\\PycharmProjects\\Project_1\\venv\\Lib\\site-packages\\selenium\\webdriver\\remote\\errorhandler.py\", line 229, in check_response\n    raise exception_class(message, screen, stacktrace)\n"}, "steps": [{"name": "Given Open Login page", "status": "passed", "start": 1692708179166, "stop": 1692708179166}, {"name": "When Login as \"admin\"", "status": "passed", "start": 1692708179166, "stop": 1692708180929}, {"name": "Then Verify user is logged in on the Home page", "status": "broken", "statusDetails": {"message": "selenium.common.exceptions.NoSuchWindowException: Message: no such window: target window already closed\nfrom unknown error: web view not found\n  (Session info: chrome=116.0.5845.97)\nStacktrace:\n\tGetHandleVerifier [0x00007FF682D252A2+57122]\n\t(No symbol) [0x00007FF682C9EA92]\n\t(No symbol) [0x00007FF682B6E3AB]\n\t(No symbol) [0x00007FF682B4E1B9]\n\t(No symbol) [0x00007FF682BCB417]\n\t(No symbol) [0x00007FF682BDE24F]\n\t(No symbol) [0x00007FF682BC6DB3]\n\t(No symbol) [0x00007FF682B9D2B1]\n\t(No symbol) [0x00007FF682B9E494]\n\tGetHandleVerifier [0x00007FF682FCEF82+2849794]\n\tGetHandleVerifier [0x00007FF683021D24+3189156]\n\tGetHandleVerifier [0x00007FF68301ACAF+3160367]\n\tGetHandleVerifier [0x00007FF682DB6D06+653702]\n\t(No symbol) [0x00007FF682CAA208]\n\t(No symbol) [0x00007FF682CA62C4]\n\t(No symbol) [0x00007FF682CA63F6]\n\t(No symbol) [0x00007FF682C967A3]\n\tBaseThreadInitThunk [0x00007FF920847614+20]\n\tRtlUserThreadStart [0x00007FF921B426B1+33]\n\n", "trace": "  File \"C:\\Users\\metal\\PycharmProjects\\Project_1\\venv\\Lib\\site-packages\\behave\\runner.py\", line 545, in run_hook\n    self.hooks[name](context, *args)\n  File \"features\\environment.py\", line 28, in after_step\n    allure.attach(context.driver.get_screenshot_as_png(),\n                  ^^^^^^^^^^^^^^^^^^^^^^^^^^^^^^^^^^^^^^\n  File \"C:\\Users\\metal\\PycharmProjects\\Project_1\\venv\\Lib\\site-packages\\selenium\\webdriver\\remote\\webdriver.py\", line 836, in get_screenshot_as_png\n    return b64decode(self.get_screenshot_as_base64().encode(\"ascii\"))\n                     ^^^^^^^^^^^^^^^^^^^^^^^^^^^^^^^\n  File \"C:\\Users\\metal\\PycharmProjects\\Project_1\\venv\\Lib\\site-packages\\selenium\\webdriver\\remote\\webdriver.py\", line 847, in get_screenshot_as_base64\n    return self.execute(Command.SCREENSHOT)[\"value\"]\n           ^^^^^^^^^^^^^^^^^^^^^^^^^^^^^^^^\n  File \"C:\\Users\\metal\\PycharmProjects\\Project_1\\venv\\Lib\\site-packages\\selenium\\webdriver\\remote\\webdriver.py\", line 345, in execute\n    self.error_handler.check_response(response)\n  File \"C:\\Users\\metal\\PycharmProjects\\Project_1\\venv\\Lib\\site-packages\\selenium\\webdriver\\remote\\errorhandler.py\", line 229, in check_response\n    raise exception_class(message, screen, stacktrace)\n"}, "start": 1692708180929, "stop": 1692708180933}, {"name": "When Click \"Photos\" in app menu on the Home page", "status": "skipped", "start": 1692708183112, "stop": 1692708183112}, {"name": "And Select \"Documents\" folder on the Files page", "status": "skipped", "start": 1692708183112, "stop": 1692708183112}, {"name": "And Select \"Welcome to Nextcloud Hub\" file on the Files page", "status": "skipped", "start": 1692708183112, "stop": 1692708183112}, {"name": "Then Verify office document is opened on the Files page", "status": "skipped", "start": 1692708183112, "stop": 1692708183112}], "start": 1692708175510, "stop": 1692708183112, "uuid": "93d2c603-ee78-4eff-baec-28ce8127db0a", "historyId": "4c3f8e2d02bcd0b973fc010ff70601ca", "fullName": "Media/Photos functionality: Admin login", "labels": [{"name": "severity", "value": "normal"}, {"name": "feature", "value": "Media/Photos functionality"}, {"name": "framework", "value": "behave"}, {"name": "language", "value": "cpython3"}]}