{"name": "Dashboard", "status": "broken", "statusDetails": {"message": "selenium.common.exceptions.NoSuchElementException: Message: no such element: Unable to locate element: {\"method\":\"xpath\",\"selector\":\"//li[@id='status-weather']\"}\n  (Session info: chrome=116.0.5845.141); For documentation on this error, please visit: https://www.selenium.dev/documentation/webdriver/troubleshooting/errors#no-such-element-exception\nStacktrace:\n\tGetHandleVerifier [0x00007FF6C8E352A2+57122]\n\t(No symbol) [0x00007FF6C8DAEA92]\n\t(No symbol) [0x00007FF6C8C7E3AB]\n\t(No symbol) [0x00007FF6C8CB7D3E]\n\t(No symbol) [0x00007FF6C8CB7E2C]\n\t(No symbol) [0x00007FF6C8CF0B67]\n\t(No symbol) [0x00007FF6C8CD701F]\n\t(No symbol) [0x00007FF6C8CEEB82]\n\t(No symbol) [0x00007FF6C8CD6DB3]\n\t(No symbol) [0x00007FF6C8CAD2B1]\n\t(No symbol) [0x00007FF6C8CAE494]\n\tGetHandleVerifier [0x00007FF6C90DEF82+2849794]\n\tGetHandleVerifier [0x00007FF6C9131D24+3189156]\n\tGetHandleVerifier [0x00007FF6C912ACAF+3160367]\n\tGetHandleVerifier [0x00007FF6C8EC6D06+653702]\n\t(No symbol) [0x00007FF6C8DBA208]\n\t(No symbol) [0x00007FF6C8DB62C4]\n\t(No symbol) [0x00007FF6C8DB63F6]\n\t(No symbol) [0x00007FF6C8DA67A3]\n\tBaseThreadInitThunk [0x00007FF836CF7344+20]\n\tRtlUserThreadStart [0x00007FF8389226B1+33]\n\n", "trace": "  File \"C:\\Users\\metal\\PycharmProjects\\Project_1\\venv\\Lib\\site-packages\\behave\\model.py\", line 1329, in run\n    match.run(runner.context)\n  File \"C:\\Users\\metal\\PycharmProjects\\Project_1\\venv\\Lib\\site-packages\\behave\\matchers.py\", line 98, in run\n    self.func(context, *args, **kwargs)\n  File \"features\\steps\\HomePageSteps.py\", line 47, in step_impl\n    assert home_page.get_widget_visibility(widget.lower()) == expected\n           ^^^^^^^^^^^^^^^^^^^^^^^^^^^^^^^^^^^^^^^^^^^^^^^\n  File \"C:\\LocalRepos\\NextCloudDemoTests\\features\\pages\\HomePage.py\", line 42, in get_widget_visibility\n    if self.driver.find_element(By.XPATH, self.widget_status_xpath.format(txt=widget)).is_displayed():\n       ^^^^^^^^^^^^^^^^^^^^^^^^^^^^^^^^^^^^^^^^^^^^^^^^^^^^^^^^^^^^^^^^^^^^^^^^^^^^^^^\n  File \"C:\\Users\\metal\\PycharmProjects\\Project_1\\venv\\Lib\\site-packages\\selenium\\webdriver\\remote\\webdriver.py\", line 739, in find_element\n    return self.execute(Command.FIND_ELEMENT, {\"using\": by, \"value\": value})[\"value\"]\n           ^^^^^^^^^^^^^^^^^^^^^^^^^^^^^^^^^^^^^^^^^^^^^^^^^^^^^^^^^^^^^^^^^\n  File \"C:\\Users\\metal\\PycharmProjects\\Project_1\\venv\\Lib\\site-packages\\selenium\\webdriver\\remote\\webdriver.py\", line 345, in execute\n    self.error_handler.check_response(response)\n  File \"C:\\Users\\metal\\PycharmProjects\\Project_1\\venv\\Lib\\site-packages\\selenium\\webdriver\\remote\\errorhandler.py\", line 229, in check_response\n    raise exception_class(message, screen, stacktrace)\n"}, "steps": [{"name": "Given Open Login page", "status": "passed", "start": 1693902340148, "stop": 1693902340148}, {"name": "When Login as \"admin\"", "status": "passed", "start": 1693902340148, "stop": 1693902345706}, {"name": "Then Verify user is logged in on the Home page", "status": "passed", "start": 1693902345706, "stop": 1693902345726}, {"name": "And Verify no widgets are present on the Home page", "status": "passed", "start": 1693902345726, "stop": 1693902345735}, {"name": "When Click \"Customize\" button on the Home page", "status": "passed", "start": 1693902345735, "stop": 1693902345860}, {"name": "Then Verify 'Edit widgets' modal-container is opened on the Home page", "status": "passed", "start": 1693902345861, "stop": 1693902345903}, {"name": "When Select \"Weather\" widget in modal-container on the Home page", "status": "passed", "start": 1693902345904, "stop": 1693902345994}, {"name": "And Close modal-container on the Home page", "status": "passed", "start": 1693902345994, "stop": 1693902346091}, {"name": "Then Verify \"Weather\" widget is \"VISIBLE\" on the Home page", "status": "broken", "statusDetails": {"message": "selenium.common.exceptions.NoSuchElementException: Message: no such element: Unable to locate element: {\"method\":\"xpath\",\"selector\":\"//li[@id='status-weather']\"}\n  (Session info: chrome=116.0.5845.141); For documentation on this error, please visit: https://www.selenium.dev/documentation/webdriver/troubleshooting/errors#no-such-element-exception\nStacktrace:\n\tGetHandleVerifier [0x00007FF6C8E352A2+57122]\n\t(No symbol) [0x00007FF6C8DAEA92]\n\t(No symbol) [0x00007FF6C8C7E3AB]\n\t(No symbol) [0x00007FF6C8CB7D3E]\n\t(No symbol) [0x00007FF6C8CB7E2C]\n\t(No symbol) [0x00007FF6C8CF0B67]\n\t(No symbol) [0x00007FF6C8CD701F]\n\t(No symbol) [0x00007FF6C8CEEB82]\n\t(No symbol) [0x00007FF6C8CD6DB3]\n\t(No symbol) [0x00007FF6C8CAD2B1]\n\t(No symbol) [0x00007FF6C8CAE494]\n\tGetHandleVerifier [0x00007FF6C90DEF82+2849794]\n\tGetHandleVerifier [0x00007FF6C9131D24+3189156]\n\tGetHandleVerifier [0x00007FF6C912ACAF+3160367]\n\tGetHandleVerifier [0x00007FF6C8EC6D06+653702]\n\t(No symbol) [0x00007FF6C8DBA208]\n\t(No symbol) [0x00007FF6C8DB62C4]\n\t(No symbol) [0x00007FF6C8DB63F6]\n\t(No symbol) [0x00007FF6C8DA67A3]\n\tBaseThreadInitThunk [0x00007FF836CF7344+20]\n\tRtlUserThreadStart [0x00007FF8389226B1+33]\n\n", "trace": "  File \"C:\\Users\\metal\\PycharmProjects\\Project_1\\venv\\Lib\\site-packages\\behave\\model.py\", line 1329, in run\n    match.run(runner.context)\n  File \"C:\\Users\\metal\\PycharmProjects\\Project_1\\venv\\Lib\\site-packages\\behave\\matchers.py\", line 98, in run\n    self.func(context, *args, **kwargs)\n  File \"features\\steps\\HomePageSteps.py\", line 47, in step_impl\n    assert home_page.get_widget_visibility(widget.lower()) == expected\n           ^^^^^^^^^^^^^^^^^^^^^^^^^^^^^^^^^^^^^^^^^^^^^^^\n  File \"C:\\LocalRepos\\NextCloudDemoTests\\features\\pages\\HomePage.py\", line 42, in get_widget_visibility\n    if self.driver.find_element(By.XPATH, self.widget_status_xpath.format(txt=widget)).is_displayed():\n       ^^^^^^^^^^^^^^^^^^^^^^^^^^^^^^^^^^^^^^^^^^^^^^^^^^^^^^^^^^^^^^^^^^^^^^^^^^^^^^^\n  File \"C:\\Users\\metal\\PycharmProjects\\Project_1\\venv\\Lib\\site-packages\\selenium\\webdriver\\remote\\webdriver.py\", line 739, in find_element\n    return self.execute(Command.FIND_ELEMENT, {\"using\": by, \"value\": value})[\"value\"]\n           ^^^^^^^^^^^^^^^^^^^^^^^^^^^^^^^^^^^^^^^^^^^^^^^^^^^^^^^^^^^^^^^^^\n  File \"C:\\Users\\metal\\PycharmProjects\\Project_1\\venv\\Lib\\site-packages\\selenium\\webdriver\\remote\\webdriver.py\", line 345, in execute\n    self.error_handler.check_response(response)\n  File \"C:\\Users\\metal\\PycharmProjects\\Project_1\\venv\\Lib\\site-packages\\selenium\\webdriver\\remote\\errorhandler.py\", line 229, in check_response\n    raise exception_class(message, screen, stacktrace)\n"}, "attachments": [{"name": "failed_screenshot", "source": "df1b4843-3fce-4daf-b5e3-911bd18c013e-attachment.png", "type": "image/png"}], "start": 1693902346092, "stop": 1693902357125}], "start": 1693902335514, "stop": 1693902359354, "uuid": "8281353e-31ca-4167-afdd-01a11a0a2ae3", "historyId": "9157adc23204bd0016860dd0d4baae92", "fullName": "Media/Photos functionality: Dashboard", "labels": [{"name": "severity", "value": "normal"}, {"name": "feature", "value": "Media/Photos functionality"}, {"name": "framework", "value": "behave"}, {"name": "language", "value": "cpython3"}]}