{"name": "Admin login", "status": "broken", "statusDetails": {"message": "selenium.common.exceptions.StaleElementReferenceException: Message: stale element reference: stale element not found\n  (Session info: chrome=116.0.5845.97); For documentation on this error, please visit: https://www.selenium.dev/documentation/webdriver/troubleshooting/errors#stale-element-reference-exception\nStacktrace:\n\tGetHandleVerifier [0x00007FF7F46352A2+57122]\n\t(No symbol) [0x00007FF7F45AEA92]\n\t(No symbol) [0x00007FF7F447E3AB]\n\t(No symbol) [0x00007FF7F448ABC3]\n\t(No symbol) [0x00007FF7F4482719]\n\t(No symbol) [0x00007FF7F448167A]\n\t(No symbol) [0x00007FF7F4483D2F]\n\t(No symbol) [0x00007FF7F4483E20]\n\t(No symbol) [0x00007FF7F44B94CC]\n\t(No symbol) [0x00007FF7F44AF026]\n\t(No symbol) [0x00007FF7F44D6FDA]\n\t(No symbol) [0x00007FF7F44AEB76]\n\t(No symbol) [0x00007FF7F44D71F0]\n\t(No symbol) [0x00007FF7F44EEB82]\n\t(No symbol) [0x00007FF7F44D6DB3]\n\t(No symbol) [0x00007FF7F44AD2B1]\n\t(No symbol) [0x00007FF7F44AE494]\n\tGetHandleVerifier [0x00007FF7F48DEF82+2849794]\n\tGetHandleVerifier [0x00007FF7F4931D24+3189156]\n\tGetHandleVerifier [0x00007FF7F492ACAF+3160367]\n\tGetHandleVerifier [0x00007FF7F46C6D06+653702]\n\t(No symbol) [0x00007FF7F45BA208]\n\t(No symbol) [0x00007FF7F45B62C4]\n\t(No symbol) [0x00007FF7F45B63F6]\n\t(No symbol) [0x00007FF7F45A67A3]\n\tBaseThreadInitThunk [0x00007FF920847614+20]\n\tRtlUserThreadStart [0x00007FF921B426B1+33]\n\n", "trace": "  File \"C:\\Users\\metal\\PycharmProjects\\Project_1\\venv\\Lib\\site-packages\\behave\\model.py\", line 1329, in run\n    match.run(runner.context)\n  File \"C:\\Users\\metal\\PycharmProjects\\Project_1\\venv\\Lib\\site-packages\\behave\\matchers.py\", line 98, in run\n    self.func(context, *args, **kwargs)\n  File \"features\\steps\\FilesPageSteps.py\", line 13, in step_impl\n    FilesPage(context.driver).click_on_file_by_title(filename)\n  File \"C:\\Users\\metal\\PycharmProjects\\Project_1\\features\\pages\\FilesPage.py\", line 20, in click_on_file_by_title\n    self.driver.find_element(By.XPATH, self.file_row_in_files_container_by_text_xpath).click()\n  File \"C:\\Users\\metal\\PycharmProjects\\Project_1\\venv\\Lib\\site-packages\\selenium\\webdriver\\remote\\webelement.py\", line 94, in click\n    self._execute(Command.CLICK_ELEMENT)\n  File \"C:\\Users\\metal\\PycharmProjects\\Project_1\\venv\\Lib\\site-packages\\selenium\\webdriver\\remote\\webelement.py\", line 395, in _execute\n    return self._parent.execute(command, params)\n           ^^^^^^^^^^^^^^^^^^^^^^^^^^^^^^^^^^^^^\n  File \"C:\\Users\\metal\\PycharmProjects\\Project_1\\venv\\Lib\\site-packages\\selenium\\webdriver\\remote\\webdriver.py\", line 345, in execute\n    self.error_handler.check_response(response)\n  File \"C:\\Users\\metal\\PycharmProjects\\Project_1\\venv\\Lib\\site-packages\\selenium\\webdriver\\remote\\errorhandler.py\", line 229, in check_response\n    raise exception_class(message, screen, stacktrace)\n"}, "steps": [{"name": "Given Open Login page", "status": "passed", "start": 1692373065617, "stop": 1692373065618}, {"name": "When Login as \"admin\"", "status": "passed", "start": 1692373065618, "stop": 1692373071140}, {"name": "Then Verify user is logged in on the Home page", "status": "passed", "start": 1692373071140, "stop": 1692373071189}, {"name": "When Click Files in app menu on the Home page", "status": "passed", "start": 1692373071189, "stop": 1692373074461}, {"name": "And Select \"Documents\" folder on the Files page", "status": "passed", "start": 1692373074461, "stop": 1692373074831}, {"name": "And Select \"Welcome to Nextcloud Hub\" file on the Files page", "status": "broken", "statusDetails": {"message": "selenium.common.exceptions.StaleElementReferenceException: Message: stale element reference: stale element not found\n  (Session info: chrome=116.0.5845.97); For documentation on this error, please visit: https://www.selenium.dev/documentation/webdriver/troubleshooting/errors#stale-element-reference-exception\nStacktrace:\n\tGetHandleVerifier [0x00007FF7F46352A2+57122]\n\t(No symbol) [0x00007FF7F45AEA92]\n\t(No symbol) [0x00007FF7F447E3AB]\n\t(No symbol) [0x00007FF7F448ABC3]\n\t(No symbol) [0x00007FF7F4482719]\n\t(No symbol) [0x00007FF7F448167A]\n\t(No symbol) [0x00007FF7F4483D2F]\n\t(No symbol) [0x00007FF7F4483E20]\n\t(No symbol) [0x00007FF7F44B94CC]\n\t(No symbol) [0x00007FF7F44AF026]\n\t(No symbol) [0x00007FF7F44D6FDA]\n\t(No symbol) [0x00007FF7F44AEB76]\n\t(No symbol) [0x00007FF7F44D71F0]\n\t(No symbol) [0x00007FF7F44EEB82]\n\t(No symbol) [0x00007FF7F44D6DB3]\n\t(No symbol) [0x00007FF7F44AD2B1]\n\t(No symbol) [0x00007FF7F44AE494]\n\tGetHandleVerifier [0x00007FF7F48DEF82+2849794]\n\tGetHandleVerifier [0x00007FF7F4931D24+3189156]\n\tGetHandleVerifier [0x00007FF7F492ACAF+3160367]\n\tGetHandleVerifier [0x00007FF7F46C6D06+653702]\n\t(No symbol) [0x00007FF7F45BA208]\n\t(No symbol) [0x00007FF7F45B62C4]\n\t(No symbol) [0x00007FF7F45B63F6]\n\t(No symbol) [0x00007FF7F45A67A3]\n\tBaseThreadInitThunk [0x00007FF920847614+20]\n\tRtlUserThreadStart [0x00007FF921B426B1+33]\n\n", "trace": "  File \"C:\\Users\\metal\\PycharmProjects\\Project_1\\venv\\Lib\\site-packages\\behave\\model.py\", line 1329, in run\n    match.run(runner.context)\n  File \"C:\\Users\\metal\\PycharmProjects\\Project_1\\venv\\Lib\\site-packages\\behave\\matchers.py\", line 98, in run\n    self.func(context, *args, **kwargs)\n  File \"features\\steps\\FilesPageSteps.py\", line 13, in step_impl\n    FilesPage(context.driver).click_on_file_by_title(filename)\n  File \"C:\\Users\\metal\\PycharmProjects\\Project_1\\features\\pages\\FilesPage.py\", line 20, in click_on_file_by_title\n    self.driver.find_element(By.XPATH, self.file_row_in_files_container_by_text_xpath).click()\n  File \"C:\\Users\\metal\\PycharmProjects\\Project_1\\venv\\Lib\\site-packages\\selenium\\webdriver\\remote\\webelement.py\", line 94, in click\n    self._execute(Command.CLICK_ELEMENT)\n  File \"C:\\Users\\metal\\PycharmProjects\\Project_1\\venv\\Lib\\site-packages\\selenium\\webdriver\\remote\\webelement.py\", line 395, in _execute\n    return self._parent.execute(command, params)\n           ^^^^^^^^^^^^^^^^^^^^^^^^^^^^^^^^^^^^^\n  File \"C:\\Users\\metal\\PycharmProjects\\Project_1\\venv\\Lib\\site-packages\\selenium\\webdriver\\remote\\webdriver.py\", line 345, in execute\n    self.error_handler.check_response(response)\n  File \"C:\\Users\\metal\\PycharmProjects\\Project_1\\venv\\Lib\\site-packages\\selenium\\webdriver\\remote\\errorhandler.py\", line 229, in check_response\n    raise exception_class(message, screen, stacktrace)\n"}, "attachments": [{"name": "failed_screenshot", "source": "357ee4ef-f79b-4f3b-9613-f76a4cab565c-attachment.png", "type": "image/png"}], "start": 1692373074831, "stop": 1692373078147}, {"name": "Then Verify office document is opened on the Files page", "status": "skipped", "start": 1692373080478, "stop": 1692373080478}], "start": 1692373061689, "stop": 1692373080478, "uuid": "6c774091-ca4b-4645-a5b4-c155a9d84b06", "historyId": "0fd9cdf9b67460d2acbdafe60bbc8d98", "fullName": "Login functionality: Admin login", "labels": [{"name": "severity", "value": "normal"}, {"name": "feature", "value": "Login functionality"}, {"name": "framework", "value": "behave"}, {"name": "language", "value": "cpython3"}]}