{"name": "Admin login", "status": "broken", "statusDetails": {"message": "selenium.common.exceptions.NoSuchElementException: Message: no such element: Unable to locate element: {\"method\":\"xpath\",\"selector\":\"//div[@id='app-content-files']//td[.//span[@title='Documents']]\"}\n  (Session info: chrome=116.0.5845.140); For documentation on this error, please visit: https://www.selenium.dev/documentation/webdriver/troubleshooting/errors#no-such-element-exception\nStacktrace:\n\tGetHandleVerifier [0x00007FF70C3352A2+57122]\n\t(No symbol) [0x00007FF70C2AEA92]\n\t(No symbol) [0x00007FF70C17E3AB]\n\t(No symbol) [0x00007FF70C1B7D3E]\n\t(No symbol) [0x00007FF70C1B7E2C]\n\t(No symbol) [0x00007FF70C1F0B67]\n\t(No symbol) [0x00007FF70C1D701F]\n\t(No symbol) [0x00007FF70C1EEB82]\n\t(No symbol) [0x00007FF70C1D6DB3]\n\t(No symbol) [0x00007FF70C1AD2B1]\n\t(No symbol) [0x00007FF70C1AE494]\n\tGetHandleVerifier [0x00007FF70C5DEF82+2849794]\n\tGetHandleVerifier [0x00007FF70C631D24+3189156]\n\tGetHandleVerifier [0x00007FF70C62ACAF+3160367]\n\tGetHandleVerifier [0x00007FF70C3C6D06+653702]\n\t(No symbol) [0x00007FF70C2BA208]\n\t(No symbol) [0x00007FF70C2B62C4]\n\t(No symbol) [0x00007FF70C2B63F6]\n\t(No symbol) [0x00007FF70C2A67A3]\n\tBaseThreadInitThunk [0x00007FFD48C67344+20]\n\tRtlUserThreadStart [0x00007FFD4A4826B1+33]\n\n", "trace": "  File \"C:\\Users\\metal\\PycharmProjects\\Project_1\\venv\\Lib\\site-packages\\behave\\model.py\", line 1329, in run\n    match.run(runner.context)\n  File \"C:\\Users\\metal\\PycharmProjects\\Project_1\\venv\\Lib\\site-packages\\behave\\matchers.py\", line 98, in run\n    self.func(context, *args, **kwargs)\n  File \"features\\steps\\FilesPageSteps.py\", line 8, in step_impl\n    FilesPage(context.driver).click_on_folder_by_title(foldername)\n  File \"C:\\Users\\metal\\PycharmProjects\\Project_1\\features\\pages\\FilesPage.py\", line 17, in click_on_folder_by_title\n    self.driver.find_element(By.XPATH, self.folder_row_in_files_container_by_text_xpath).click()\n    ^^^^^^^^^^^^^^^^^^^^^^^^^^^^^^^^^^^^^^^^^^^^^^^^^^^^^^^^^^^^^^^^^^^^^^^^^^^^^^^^^^^^\n  File \"C:\\Users\\metal\\PycharmProjects\\Project_1\\venv\\Lib\\site-packages\\selenium\\webdriver\\remote\\webdriver.py\", line 739, in find_element\n    return self.execute(Command.FIND_ELEMENT, {\"using\": by, \"value\": value})[\"value\"]\n           ^^^^^^^^^^^^^^^^^^^^^^^^^^^^^^^^^^^^^^^^^^^^^^^^^^^^^^^^^^^^^^^^^\n  File \"C:\\Users\\metal\\PycharmProjects\\Project_1\\venv\\Lib\\site-packages\\selenium\\webdriver\\remote\\webdriver.py\", line 345, in execute\n    self.error_handler.check_response(response)\n  File \"C:\\Users\\metal\\PycharmProjects\\Project_1\\venv\\Lib\\site-packages\\selenium\\webdriver\\remote\\errorhandler.py\", line 229, in check_response\n    raise exception_class(message, screen, stacktrace)\n"}, "steps": [{"name": "Given Open Login page", "status": "passed", "start": 1693548684621, "stop": 1693548684622}, {"name": "When Login as \"admin\"", "status": "passed", "start": 1693548684622, "stop": 1693548691034}, {"name": "Then Verify user is logged in on the Home page", "status": "passed", "start": 1693548691034, "stop": 1693548691057}, {"name": "When Click \"photos\" in app menu on the Home page", "status": "passed", "start": 1693548691057, "stop": 1693548693340}, {"name": "And Select \"Documents\" folder on the Files page", "status": "broken", "statusDetails": {"message": "selenium.common.exceptions.NoSuchElementException: Message: no such element: Unable to locate element: {\"method\":\"xpath\",\"selector\":\"//div[@id='app-content-files']//td[.//span[@title='Documents']]\"}\n  (Session info: chrome=116.0.5845.140); For documentation on this error, please visit: https://www.selenium.dev/documentation/webdriver/troubleshooting/errors#no-such-element-exception\nStacktrace:\n\tGetHandleVerifier [0x00007FF70C3352A2+57122]\n\t(No symbol) [0x00007FF70C2AEA92]\n\t(No symbol) [0x00007FF70C17E3AB]\n\t(No symbol) [0x00007FF70C1B7D3E]\n\t(No symbol) [0x00007FF70C1B7E2C]\n\t(No symbol) [0x00007FF70C1F0B67]\n\t(No symbol) [0x00007FF70C1D701F]\n\t(No symbol) [0x00007FF70C1EEB82]\n\t(No symbol) [0x00007FF70C1D6DB3]\n\t(No symbol) [0x00007FF70C1AD2B1]\n\t(No symbol) [0x00007FF70C1AE494]\n\tGetHandleVerifier [0x00007FF70C5DEF82+2849794]\n\tGetHandleVerifier [0x00007FF70C631D24+3189156]\n\tGetHandleVerifier [0x00007FF70C62ACAF+3160367]\n\tGetHandleVerifier [0x00007FF70C3C6D06+653702]\n\t(No symbol) [0x00007FF70C2BA208]\n\t(No symbol) [0x00007FF70C2B62C4]\n\t(No symbol) [0x00007FF70C2B63F6]\n\t(No symbol) [0x00007FF70C2A67A3]\n\tBaseThreadInitThunk [0x00007FFD48C67344+20]\n\tRtlUserThreadStart [0x00007FFD4A4826B1+33]\n\n", "trace": "  File \"C:\\Users\\metal\\PycharmProjects\\Project_1\\venv\\Lib\\site-packages\\behave\\model.py\", line 1329, in run\n    match.run(runner.context)\n  File \"C:\\Users\\metal\\PycharmProjects\\Project_1\\venv\\Lib\\site-packages\\behave\\matchers.py\", line 98, in run\n    self.func(context, *args, **kwargs)\n  File \"features\\steps\\FilesPageSteps.py\", line 8, in step_impl\n    FilesPage(context.driver).click_on_folder_by_title(foldername)\n  File \"C:\\Users\\metal\\PycharmProjects\\Project_1\\features\\pages\\FilesPage.py\", line 17, in click_on_folder_by_title\n    self.driver.find_element(By.XPATH, self.folder_row_in_files_container_by_text_xpath).click()\n    ^^^^^^^^^^^^^^^^^^^^^^^^^^^^^^^^^^^^^^^^^^^^^^^^^^^^^^^^^^^^^^^^^^^^^^^^^^^^^^^^^^^^\n  File \"C:\\Users\\metal\\PycharmProjects\\Project_1\\venv\\Lib\\site-packages\\selenium\\webdriver\\remote\\webdriver.py\", line 739, in find_element\n    return self.execute(Command.FIND_ELEMENT, {\"using\": by, \"value\": value})[\"value\"]\n           ^^^^^^^^^^^^^^^^^^^^^^^^^^^^^^^^^^^^^^^^^^^^^^^^^^^^^^^^^^^^^^^^^\n  File \"C:\\Users\\metal\\PycharmProjects\\Project_1\\venv\\Lib\\site-packages\\selenium\\webdriver\\remote\\webdriver.py\", line 345, in execute\n    self.error_handler.check_response(response)\n  File \"C:\\Users\\metal\\PycharmProjects\\Project_1\\venv\\Lib\\site-packages\\selenium\\webdriver\\remote\\errorhandler.py\", line 229, in check_response\n    raise exception_class(message, screen, stacktrace)\n"}, "attachments": [{"name": "failed_screenshot", "source": "2301c2d9-f378-4f41-9df7-a75e92834f3c-attachment.png", "type": "image/png"}], "start": 1693548693340, "stop": 1693548705879}, {"name": "And Select \"Welcome to Nextcloud Hub\" file on the Files page", "status": "skipped", "start": 1693548708461, "stop": 1693548708461}, {"name": "Then Verify office document is opened on the Files page", "status": "skipped", "start": 1693548708461, "stop": 1693548708461}], "start": 1693548681004, "stop": 1693548708461, "uuid": "13b133df-d6aa-4ab6-bc89-d186879dc0ca", "historyId": "4c3f8e2d02bcd0b973fc010ff70601ca", "fullName": "Media/Photos functionality: Admin login", "labels": [{"name": "severity", "value": "normal"}, {"name": "feature", "value": "Media/Photos functionality"}, {"name": "framework", "value": "behave"}, {"name": "language", "value": "cpython3"}]}