{"name": "Admin login", "status": "broken", "statusDetails": {"message": "selenium.common.exceptions.NoSuchElementException: Message: no such element: Unable to locate element: {\"method\":\"xpath\",\"selector\":\"//div[@id='app-content-files']//td[.//span[@title='Documents']]\"}\n  (Session info: chrome=116.0.5845.97); For documentation on this error, please visit: https://www.selenium.dev/documentation/webdriver/troubleshooting/errors#no-such-element-exception\nStacktrace:\n\tGetHandleVerifier [0x00007FF682D252A2+57122]\n\t(No symbol) [0x00007FF682C9EA92]\n\t(No symbol) [0x00007FF682B6E3AB]\n\t(No symbol) [0x00007FF682BA7D3E]\n\t(No symbol) [0x00007FF682BA7E2C]\n\t(No symbol) [0x00007FF682BE0B67]\n\t(No symbol) [0x00007FF682BC701F]\n\t(No symbol) [0x00007FF682BDEB82]\n\t(No symbol) [0x00007FF682BC6DB3]\n\t(No symbol) [0x00007FF682B9D2B1]\n\t(No symbol) [0x00007FF682B9E494]\n\tGetHandleVerifier [0x00007FF682FCEF82+2849794]\n\tGetHandleVerifier [0x00007FF683021D24+3189156]\n\tGetHandleVerifier [0x00007FF68301ACAF+3160367]\n\tGetHandleVerifier [0x00007FF682DB6D06+653702]\n\t(No symbol) [0x00007FF682CAA208]\n\t(No symbol) [0x00007FF682CA62C4]\n\t(No symbol) [0x00007FF682CA63F6]\n\t(No symbol) [0x00007FF682C967A3]\n\tBaseThreadInitThunk [0x00007FF920847614+20]\n\tRtlUserThreadStart [0x00007FF921B426B1+33]\n\n", "trace": "  File \"C:\\Users\\metal\\PycharmProjects\\Project_1\\venv\\Lib\\site-packages\\behave\\model.py\", line 1329, in run\n    match.run(runner.context)\n  File \"C:\\Users\\metal\\PycharmProjects\\Project_1\\venv\\Lib\\site-packages\\behave\\matchers.py\", line 98, in run\n    self.func(context, *args, **kwargs)\n  File \"features\\steps\\FilesPageSteps.py\", line 8, in step_impl\n    FilesPage(context.driver).click_on_folder_by_title(foldername)\n  File \"C:\\Users\\metal\\PycharmProjects\\Project_1\\features\\pages\\FilesPage.py\", line 17, in click_on_folder_by_title\n    self.driver.find_element(By.XPATH, self.folder_row_in_files_container_by_text_xpath).click()\n    ^^^^^^^^^^^^^^^^^^^^^^^^^^^^^^^^^^^^^^^^^^^^^^^^^^^^^^^^^^^^^^^^^^^^^^^^^^^^^^^^^^^^\n  File \"C:\\Users\\metal\\PycharmProjects\\Project_1\\venv\\Lib\\site-packages\\selenium\\webdriver\\remote\\webdriver.py\", line 739, in find_element\n    return self.execute(Command.FIND_ELEMENT, {\"using\": by, \"value\": value})[\"value\"]\n           ^^^^^^^^^^^^^^^^^^^^^^^^^^^^^^^^^^^^^^^^^^^^^^^^^^^^^^^^^^^^^^^^^\n  File \"C:\\Users\\metal\\PycharmProjects\\Project_1\\venv\\Lib\\site-packages\\selenium\\webdriver\\remote\\webdriver.py\", line 345, in execute\n    self.error_handler.check_response(response)\n  File \"C:\\Users\\metal\\PycharmProjects\\Project_1\\venv\\Lib\\site-packages\\selenium\\webdriver\\remote\\errorhandler.py\", line 229, in check_response\n    raise exception_class(message, screen, stacktrace)\n"}, "steps": [{"name": "Given Open Login page", "status": "passed", "start": 1692708796974, "stop": 1692708796974}, {"name": "When Login as \"admin\"", "status": "passed", "start": 1692708796974, "stop": 1692708802758}, {"name": "Then Verify user is logged in on the Home page", "status": "passed", "start": 1692708802758, "stop": 1692708802785}, {"name": "When Click \"photos\" in app menu on the Home page", "status": "passed", "start": 1692708802785, "stop": 1692708805086}, {"name": "And Select \"Documents\" folder on the Files page", "status": "broken", "statusDetails": {"message": "selenium.common.exceptions.NoSuchElementException: Message: no such element: Unable to locate element: {\"method\":\"xpath\",\"selector\":\"//div[@id='app-content-files']//td[.//span[@title='Documents']]\"}\n  (Session info: chrome=116.0.5845.97); For documentation on this error, please visit: https://www.selenium.dev/documentation/webdriver/troubleshooting/errors#no-such-element-exception\nStacktrace:\n\tGetHandleVerifier [0x00007FF682D252A2+57122]\n\t(No symbol) [0x00007FF682C9EA92]\n\t(No symbol) [0x00007FF682B6E3AB]\n\t(No symbol) [0x00007FF682BA7D3E]\n\t(No symbol) [0x00007FF682BA7E2C]\n\t(No symbol) [0x00007FF682BE0B67]\n\t(No symbol) [0x00007FF682BC701F]\n\t(No symbol) [0x00007FF682BDEB82]\n\t(No symbol) [0x00007FF682BC6DB3]\n\t(No symbol) [0x00007FF682B9D2B1]\n\t(No symbol) [0x00007FF682B9E494]\n\tGetHandleVerifier [0x00007FF682FCEF82+2849794]\n\tGetHandleVerifier [0x00007FF683021D24+3189156]\n\tGetHandleVerifier [0x00007FF68301ACAF+3160367]\n\tGetHandleVerifier [0x00007FF682DB6D06+653702]\n\t(No symbol) [0x00007FF682CAA208]\n\t(No symbol) [0x00007FF682CA62C4]\n\t(No symbol) [0x00007FF682CA63F6]\n\t(No symbol) [0x00007FF682C967A3]\n\tBaseThreadInitThunk [0x00007FF920847614+20]\n\tRtlUserThreadStart [0x00007FF921B426B1+33]\n\n", "trace": "  File \"C:\\Users\\metal\\PycharmProjects\\Project_1\\venv\\Lib\\site-packages\\behave\\model.py\", line 1329, in run\n    match.run(runner.context)\n  File \"C:\\Users\\metal\\PycharmProjects\\Project_1\\venv\\Lib\\site-packages\\behave\\matchers.py\", line 98, in run\n    self.func(context, *args, **kwargs)\n  File \"features\\steps\\FilesPageSteps.py\", line 8, in step_impl\n    FilesPage(context.driver).click_on_folder_by_title(foldername)\n  File \"C:\\Users\\metal\\PycharmProjects\\Project_1\\features\\pages\\FilesPage.py\", line 17, in click_on_folder_by_title\n    self.driver.find_element(By.XPATH, self.folder_row_in_files_container_by_text_xpath).click()\n    ^^^^^^^^^^^^^^^^^^^^^^^^^^^^^^^^^^^^^^^^^^^^^^^^^^^^^^^^^^^^^^^^^^^^^^^^^^^^^^^^^^^^\n  File \"C:\\Users\\metal\\PycharmProjects\\Project_1\\venv\\Lib\\site-packages\\selenium\\webdriver\\remote\\webdriver.py\", line 739, in find_element\n    return self.execute(Command.FIND_ELEMENT, {\"using\": by, \"value\": value})[\"value\"]\n           ^^^^^^^^^^^^^^^^^^^^^^^^^^^^^^^^^^^^^^^^^^^^^^^^^^^^^^^^^^^^^^^^^\n  File \"C:\\Users\\metal\\PycharmProjects\\Project_1\\venv\\Lib\\site-packages\\selenium\\webdriver\\remote\\webdriver.py\", line 345, in execute\n    self.error_handler.check_response(response)\n  File \"C:\\Users\\metal\\PycharmProjects\\Project_1\\venv\\Lib\\site-packages\\selenium\\webdriver\\remote\\errorhandler.py\", line 229, in check_response\n    raise exception_class(message, screen, stacktrace)\n"}, "attachments": [{"name": "failed_screenshot", "source": "4181ec5a-be8f-41ec-aed0-434a55d0825f-attachment.png", "type": "image/png"}], "start": 1692708805086, "stop": 1692708816543}, {"name": "And Select \"Welcome to Nextcloud Hub\" file on the Files page", "status": "skipped", "start": 1692708818796, "stop": 1692708818796}, {"name": "Then Verify office document is opened on the Files page", "status": "skipped", "start": 1692708818796, "stop": 1692708818796}], "start": 1692708793365, "stop": 1692708818797, "uuid": "7ecce4bd-3d71-466d-ab70-0c8b0dc1f0c3", "historyId": "4c3f8e2d02bcd0b973fc010ff70601ca", "fullName": "Media/Photos functionality: Admin login", "labels": [{"name": "severity", "value": "normal"}, {"name": "feature", "value": "Media/Photos functionality"}, {"name": "framework", "value": "behave"}, {"name": "language", "value": "cpython3"}]}