{"name": "Admin login", "status": "broken", "statusDetails": {"message": "selenium.common.exceptions.NoSuchElementException: Message: no such element: Unable to locate element: {\"method\":\"xpath\",\"selector\":\"//div[@id='app-content-files']//td[.//span[@title='Documents']]\"}\n  (Session info: chrome=116.0.5845.141); For documentation on this error, please visit: https://www.selenium.dev/documentation/webdriver/troubleshooting/errors#no-such-element-exception\nStacktrace:\n\tGetHandleVerifier [0x00007FF7802B52A2+57122]\n\t(No symbol) [0x00007FF78022EA92]\n\t(No symbol) [0x00007FF7800FE3AB]\n\t(No symbol) [0x00007FF780137D3E]\n\t(No symbol) [0x00007FF780137E2C]\n\t(No symbol) [0x00007FF780170B67]\n\t(No symbol) [0x00007FF78015701F]\n\t(No symbol) [0x00007FF78016EB82]\n\t(No symbol) [0x00007FF780156DB3]\n\t(No symbol) [0x00007FF78012D2B1]\n\t(No symbol) [0x00007FF78012E494]\n\tGetHandleVerifier [0x00007FF78055EF82+2849794]\n\tGetHandleVerifier [0x00007FF7805B1D24+3189156]\n\tGetHandleVerifier [0x00007FF7805AACAF+3160367]\n\tGetHandleVerifier [0x00007FF780346D06+653702]\n\t(No symbol) [0x00007FF78023A208]\n\t(No symbol) [0x00007FF7802362C4]\n\t(No symbol) [0x00007FF7802363F6]\n\t(No symbol) [0x00007FF7802267A3]\n\tBaseThreadInitThunk [0x00007FFD48C67344+20]\n\tRtlUserThreadStart [0x00007FFD4A4826B1+33]\n\n", "trace": "  File \"C:\\Users\\metal\\PycharmProjects\\Project_1\\venv\\Lib\\site-packages\\behave\\model.py\", line 1329, in run\n    match.run(runner.context)\n  File \"C:\\Users\\metal\\PycharmProjects\\Project_1\\venv\\Lib\\site-packages\\behave\\matchers.py\", line 98, in run\n    self.func(context, *args, **kwargs)\n  File \"features\\steps\\FilesPageSteps.py\", line 8, in step_impl\n    FilesPage(context.driver).click_on_folder_by_title(foldername)\n  File \"C:\\Users\\metal\\PycharmProjects\\Project_1\\features\\pages\\FilesPage.py\", line 17, in click_on_folder_by_title\n    self.driver.find_element(By.XPATH, self.folder_row_in_files_container_by_text_xpath).click()\n    ^^^^^^^^^^^^^^^^^^^^^^^^^^^^^^^^^^^^^^^^^^^^^^^^^^^^^^^^^^^^^^^^^^^^^^^^^^^^^^^^^^^^\n  File \"C:\\Users\\metal\\PycharmProjects\\Project_1\\venv\\Lib\\site-packages\\selenium\\webdriver\\remote\\webdriver.py\", line 739, in find_element\n    return self.execute(Command.FIND_ELEMENT, {\"using\": by, \"value\": value})[\"value\"]\n           ^^^^^^^^^^^^^^^^^^^^^^^^^^^^^^^^^^^^^^^^^^^^^^^^^^^^^^^^^^^^^^^^^\n  File \"C:\\Users\\metal\\PycharmProjects\\Project_1\\venv\\Lib\\site-packages\\selenium\\webdriver\\remote\\webdriver.py\", line 345, in execute\n    self.error_handler.check_response(response)\n  File \"C:\\Users\\metal\\PycharmProjects\\Project_1\\venv\\Lib\\site-packages\\selenium\\webdriver\\remote\\errorhandler.py\", line 229, in check_response\n    raise exception_class(message, screen, stacktrace)\n"}, "steps": [{"name": "Given Open Login page", "status": "passed", "start": 1693845415716, "stop": 1693845415717}, {"name": "When Login as \"admin\"", "status": "passed", "start": 1693845415717, "stop": 1693845421769}, {"name": "Then Verify user is logged in on the Home page", "status": "passed", "start": 1693845421769, "stop": 1693845421804}, {"name": "When Click \"photos\" in app menu on the Home page", "status": "passed", "start": 1693845421804, "stop": 1693845424612}, {"name": "And Select \"Documents\" folder on the Files page", "status": "broken", "statusDetails": {"message": "selenium.common.exceptions.NoSuchElementException: Message: no such element: Unable to locate element: {\"method\":\"xpath\",\"selector\":\"//div[@id='app-content-files']//td[.//span[@title='Documents']]\"}\n  (Session info: chrome=116.0.5845.141); For documentation on this error, please visit: https://www.selenium.dev/documentation/webdriver/troubleshooting/errors#no-such-element-exception\nStacktrace:\n\tGetHandleVerifier [0x00007FF7802B52A2+57122]\n\t(No symbol) [0x00007FF78022EA92]\n\t(No symbol) [0x00007FF7800FE3AB]\n\t(No symbol) [0x00007FF780137D3E]\n\t(No symbol) [0x00007FF780137E2C]\n\t(No symbol) [0x00007FF780170B67]\n\t(No symbol) [0x00007FF78015701F]\n\t(No symbol) [0x00007FF78016EB82]\n\t(No symbol) [0x00007FF780156DB3]\n\t(No symbol) [0x00007FF78012D2B1]\n\t(No symbol) [0x00007FF78012E494]\n\tGetHandleVerifier [0x00007FF78055EF82+2849794]\n\tGetHandleVerifier [0x00007FF7805B1D24+3189156]\n\tGetHandleVerifier [0x00007FF7805AACAF+3160367]\n\tGetHandleVerifier [0x00007FF780346D06+653702]\n\t(No symbol) [0x00007FF78023A208]\n\t(No symbol) [0x00007FF7802362C4]\n\t(No symbol) [0x00007FF7802363F6]\n\t(No symbol) [0x00007FF7802267A3]\n\tBaseThreadInitThunk [0x00007FFD48C67344+20]\n\tRtlUserThreadStart [0x00007FFD4A4826B1+33]\n\n", "trace": "  File \"C:\\Users\\metal\\PycharmProjects\\Project_1\\venv\\Lib\\site-packages\\behave\\model.py\", line 1329, in run\n    match.run(runner.context)\n  File \"C:\\Users\\metal\\PycharmProjects\\Project_1\\venv\\Lib\\site-packages\\behave\\matchers.py\", line 98, in run\n    self.func(context, *args, **kwargs)\n  File \"features\\steps\\FilesPageSteps.py\", line 8, in step_impl\n    FilesPage(context.driver).click_on_folder_by_title(foldername)\n  File \"C:\\Users\\metal\\PycharmProjects\\Project_1\\features\\pages\\FilesPage.py\", line 17, in click_on_folder_by_title\n    self.driver.find_element(By.XPATH, self.folder_row_in_files_container_by_text_xpath).click()\n    ^^^^^^^^^^^^^^^^^^^^^^^^^^^^^^^^^^^^^^^^^^^^^^^^^^^^^^^^^^^^^^^^^^^^^^^^^^^^^^^^^^^^\n  File \"C:\\Users\\metal\\PycharmProjects\\Project_1\\venv\\Lib\\site-packages\\selenium\\webdriver\\remote\\webdriver.py\", line 739, in find_element\n    return self.execute(Command.FIND_ELEMENT, {\"using\": by, \"value\": value})[\"value\"]\n           ^^^^^^^^^^^^^^^^^^^^^^^^^^^^^^^^^^^^^^^^^^^^^^^^^^^^^^^^^^^^^^^^^\n  File \"C:\\Users\\metal\\PycharmProjects\\Project_1\\venv\\Lib\\site-packages\\selenium\\webdriver\\remote\\webdriver.py\", line 345, in execute\n    self.error_handler.check_response(response)\n  File \"C:\\Users\\metal\\PycharmProjects\\Project_1\\venv\\Lib\\site-packages\\selenium\\webdriver\\remote\\errorhandler.py\", line 229, in check_response\n    raise exception_class(message, screen, stacktrace)\n"}, "attachments": [{"name": "failed_screenshot", "source": "23809763-8dbd-4abc-b9cf-eb3af06b22cd-attachment.png", "type": "image/png"}], "start": 1693845424612, "stop": 1693845436958}, {"name": "And Select \"Welcome to Nextcloud Hub\" file on the Files page", "status": "skipped", "start": 1693845439229, "stop": 1693845439229}, {"name": "Then Verify office document is opened on the Files page", "status": "skipped", "start": 1693845439229, "stop": 1693845439229}], "start": 1693845411326, "stop": 1693845439229, "uuid": "5a154187-27cf-493e-81be-2b42f29c0f99", "historyId": "4c3f8e2d02bcd0b973fc010ff70601ca", "fullName": "Media/Photos functionality: Admin login", "labels": [{"name": "severity", "value": "normal"}, {"name": "feature", "value": "Media/Photos functionality"}, {"name": "framework", "value": "behave"}, {"name": "language", "value": "cpython3"}]}