{"name": "Admin login", "status": "broken", "statusDetails": {"message": "selenium.common.exceptions.NoSuchElementException: Message: no such element: Unable to locate element: {\"method\":\"xpath\",\"selector\":\"//div[@id='app-content-files']//td[.//span[@title='Documents']]\"}\n  (Session info: chrome=116.0.5845.97); For documentation on this error, please visit: https://www.selenium.dev/documentation/webdriver/troubleshooting/errors#no-such-element-exception\nStacktrace:\n\tGetHandleVerifier [0x00007FF7F46352A2+57122]\n\t(No symbol) [0x00007FF7F45AEA92]\n\t(No symbol) [0x00007FF7F447E3AB]\n\t(No symbol) [0x00007FF7F44B7D3E]\n\t(No symbol) [0x00007FF7F44B7E2C]\n\t(No symbol) [0x00007FF7F44F0B67]\n\t(No symbol) [0x00007FF7F44D701F]\n\t(No symbol) [0x00007FF7F44EEB82]\n\t(No symbol) [0x00007FF7F44D6DB3]\n\t(No symbol) [0x00007FF7F44AD2B1]\n\t(No symbol) [0x00007FF7F44AE494]\n\tGetHandleVerifier [0x00007FF7F48DEF82+2849794]\n\tGetHandleVerifier [0x00007FF7F4931D24+3189156]\n\tGetHandleVerifier [0x00007FF7F492ACAF+3160367]\n\tGetHandleVerifier [0x00007FF7F46C6D06+653702]\n\t(No symbol) [0x00007FF7F45BA208]\n\t(No symbol) [0x00007FF7F45B62C4]\n\t(No symbol) [0x00007FF7F45B63F6]\n\t(No symbol) [0x00007FF7F45A67A3]\n\tBaseThreadInitThunk [0x00007FF920847614+20]\n\tRtlUserThreadStart [0x00007FF921B426B1+33]\n\n", "trace": "  File \"C:\\Users\\metal\\PycharmProjects\\Project_1\\venv\\Lib\\site-packages\\behave\\model.py\", line 1329, in run\n    match.run(runner.context)\n  File \"C:\\Users\\metal\\PycharmProjects\\Project_1\\venv\\Lib\\site-packages\\behave\\matchers.py\", line 98, in run\n    self.func(context, *args, **kwargs)\n  File \"features\\steps\\FilesPageSteps.py\", line 8, in step_impl\n    FilesPage(context.driver).click_on_folder_by_title(foldername)\n  File \"C:\\Users\\metal\\PycharmProjects\\Project_1\\features\\pages\\FilesPage.py\", line 17, in click_on_folder_by_title\n    self.driver.find_element(By.XPATH, self.folder_row_in_files_container_by_text_xpath).click()\n    ^^^^^^^^^^^^^^^^^^^^^^^^^^^^^^^^^^^^^^^^^^^^^^^^^^^^^^^^^^^^^^^^^^^^^^^^^^^^^^^^^^^^\n  File \"C:\\Users\\metal\\PycharmProjects\\Project_1\\venv\\Lib\\site-packages\\selenium\\webdriver\\remote\\webdriver.py\", line 739, in find_element\n    return self.execute(Command.FIND_ELEMENT, {\"using\": by, \"value\": value})[\"value\"]\n           ^^^^^^^^^^^^^^^^^^^^^^^^^^^^^^^^^^^^^^^^^^^^^^^^^^^^^^^^^^^^^^^^^\n  File \"C:\\Users\\metal\\PycharmProjects\\Project_1\\venv\\Lib\\site-packages\\selenium\\webdriver\\remote\\webdriver.py\", line 345, in execute\n    self.error_handler.check_response(response)\n  File \"C:\\Users\\metal\\PycharmProjects\\Project_1\\venv\\Lib\\site-packages\\selenium\\webdriver\\remote\\errorhandler.py\", line 229, in check_response\n    raise exception_class(message, screen, stacktrace)\n"}, "steps": [{"name": "Given Open Login page", "status": "passed", "start": 1692372589396, "stop": 1692372589396}, {"name": "When Login as \"admin\"", "status": "passed", "start": 1692372589396, "stop": 1692372593860}, {"name": "Then Verify user is logged in on the Home page", "status": "passed", "start": 1692372593860, "stop": 1692372593897}, {"name": "When Click Files in app menu on the Home page", "status": "passed", "start": 1692372593897, "stop": 1692372596086}, {"name": "And Select \"Documents\" folder on the Files page", "status": "broken", "statusDetails": {"message": "selenium.common.exceptions.NoSuchElementException: Message: no such element: Unable to locate element: {\"method\":\"xpath\",\"selector\":\"//div[@id='app-content-files']//td[.//span[@title='Documents']]\"}\n  (Session info: chrome=116.0.5845.97); For documentation on this error, please visit: https://www.selenium.dev/documentation/webdriver/troubleshooting/errors#no-such-element-exception\nStacktrace:\n\tGetHandleVerifier [0x00007FF7F46352A2+57122]\n\t(No symbol) [0x00007FF7F45AEA92]\n\t(No symbol) [0x00007FF7F447E3AB]\n\t(No symbol) [0x00007FF7F44B7D3E]\n\t(No symbol) [0x00007FF7F44B7E2C]\n\t(No symbol) [0x00007FF7F44F0B67]\n\t(No symbol) [0x00007FF7F44D701F]\n\t(No symbol) [0x00007FF7F44EEB82]\n\t(No symbol) [0x00007FF7F44D6DB3]\n\t(No symbol) [0x00007FF7F44AD2B1]\n\t(No symbol) [0x00007FF7F44AE494]\n\tGetHandleVerifier [0x00007FF7F48DEF82+2849794]\n\tGetHandleVerifier [0x00007FF7F4931D24+3189156]\n\tGetHandleVerifier [0x00007FF7F492ACAF+3160367]\n\tGetHandleVerifier [0x00007FF7F46C6D06+653702]\n\t(No symbol) [0x00007FF7F45BA208]\n\t(No symbol) [0x00007FF7F45B62C4]\n\t(No symbol) [0x00007FF7F45B63F6]\n\t(No symbol) [0x00007FF7F45A67A3]\n\tBaseThreadInitThunk [0x00007FF920847614+20]\n\tRtlUserThreadStart [0x00007FF921B426B1+33]\n\n", "trace": "  File \"C:\\Users\\metal\\PycharmProjects\\Project_1\\venv\\Lib\\site-packages\\behave\\model.py\", line 1329, in run\n    match.run(runner.context)\n  File \"C:\\Users\\metal\\PycharmProjects\\Project_1\\venv\\Lib\\site-packages\\behave\\matchers.py\", line 98, in run\n    self.func(context, *args, **kwargs)\n  File \"features\\steps\\FilesPageSteps.py\", line 8, in step_impl\n    FilesPage(context.driver).click_on_folder_by_title(foldername)\n  File \"C:\\Users\\metal\\PycharmProjects\\Project_1\\features\\pages\\FilesPage.py\", line 17, in click_on_folder_by_title\n    self.driver.find_element(By.XPATH, self.folder_row_in_files_container_by_text_xpath).click()\n    ^^^^^^^^^^^^^^^^^^^^^^^^^^^^^^^^^^^^^^^^^^^^^^^^^^^^^^^^^^^^^^^^^^^^^^^^^^^^^^^^^^^^\n  File \"C:\\Users\\metal\\PycharmProjects\\Project_1\\venv\\Lib\\site-packages\\selenium\\webdriver\\remote\\webdriver.py\", line 739, in find_element\n    return self.execute(Command.FIND_ELEMENT, {\"using\": by, \"value\": value})[\"value\"]\n           ^^^^^^^^^^^^^^^^^^^^^^^^^^^^^^^^^^^^^^^^^^^^^^^^^^^^^^^^^^^^^^^^^\n  File \"C:\\Users\\metal\\PycharmProjects\\Project_1\\venv\\Lib\\site-packages\\selenium\\webdriver\\remote\\webdriver.py\", line 345, in execute\n    self.error_handler.check_response(response)\n  File \"C:\\Users\\metal\\PycharmProjects\\Project_1\\venv\\Lib\\site-packages\\selenium\\webdriver\\remote\\errorhandler.py\", line 229, in check_response\n    raise exception_class(message, screen, stacktrace)\n"}, "start": 1692372596087, "stop": 1692372606153}, {"name": "And Select \"Welcome to Nextcloud Hub\" file on the Files page", "status": "skipped", "start": 1692372608446, "stop": 1692372608446}, {"name": "Then Verify office document is opened on the Files page", "status": "skipped", "start": 1692372608446, "stop": 1692372608446}], "start": 1692372585501, "stop": 1692372608446, "uuid": "593ef6ec-46d0-4e4b-8da8-51d15cfd1c43", "historyId": "0fd9cdf9b67460d2acbdafe60bbc8d98", "fullName": "Login functionality: Admin login", "labels": [{"name": "severity", "value": "normal"}, {"name": "feature", "value": "Login functionality"}, {"name": "framework", "value": "behave"}, {"name": "language", "value": "cpython3"}]}