{"name": "Admin login", "status": "broken", "statusDetails": {"message": "selenium.common.exceptions.NoSuchElementException: Message: no such element: Unable to locate element: {\"method\":\"xpath\",\"selector\":\"//li[@data-app-id='Photos']\"}\n  (Session info: chrome=116.0.5845.97); For documentation on this error, please visit: https://www.selenium.dev/documentation/webdriver/troubleshooting/errors#no-such-element-exception\nStacktrace:\n\tGetHandleVerifier [0x00007FF682D252A2+57122]\n\t(No symbol) [0x00007FF682C9EA92]\n\t(No symbol) [0x00007FF682B6E3AB]\n\t(No symbol) [0x00007FF682BA7D3E]\n\t(No symbol) [0x00007FF682BA7E2C]\n\t(No symbol) [0x00007FF682BE0B67]\n\t(No symbol) [0x00007FF682BC701F]\n\t(No symbol) [0x00007FF682BDEB82]\n\t(No symbol) [0x00007FF682BC6DB3]\n\t(No symbol) [0x00007FF682B9D2B1]\n\t(No symbol) [0x00007FF682B9E494]\n\tGetHandleVerifier [0x00007FF682FCEF82+2849794]\n\tGetHandleVerifier [0x00007FF683021D24+3189156]\n\tGetHandleVerifier [0x00007FF68301ACAF+3160367]\n\tGetHandleVerifier [0x00007FF682DB6D06+653702]\n\t(No symbol) [0x00007FF682CAA208]\n\t(No symbol) [0x00007FF682CA62C4]\n\t(No symbol) [0x00007FF682CA63F6]\n\t(No symbol) [0x00007FF682C967A3]\n\tBaseThreadInitThunk [0x00007FF920847614+20]\n\tRtlUserThreadStart [0x00007FF921B426B1+33]\n\n", "trace": "  File \"C:\\Users\\metal\\PycharmProjects\\Project_1\\venv\\Lib\\site-packages\\behave\\model.py\", line 1329, in run\n    match.run(runner.context)\n  File \"C:\\Users\\metal\\PycharmProjects\\Project_1\\venv\\Lib\\site-packages\\behave\\matchers.py\", line 98, in run\n    self.func(context, *args, **kwargs)\n  File \"features\\steps\\HomePageSteps.py\", line 14, in step_impl\n    HomePage(context.driver).select_app_in_app_menu(app_title)\n  File \"C:\\Users\\metal\\PycharmProjects\\Project_1\\features\\pages\\HomePage.py\", line 15, in select_app_in_app_menu\n    self.driver.find_element(By.XPATH, self.files_app_menu_xpath.format(txt = app_title)).click()\n    ^^^^^^^^^^^^^^^^^^^^^^^^^^^^^^^^^^^^^^^^^^^^^^^^^^^^^^^^^^^^^^^^^^^^^^^^^^^^^^^^^^^^^\n  File \"C:\\Users\\metal\\PycharmProjects\\Project_1\\venv\\Lib\\site-packages\\selenium\\webdriver\\remote\\webdriver.py\", line 739, in find_element\n    return self.execute(Command.FIND_ELEMENT, {\"using\": by, \"value\": value})[\"value\"]\n           ^^^^^^^^^^^^^^^^^^^^^^^^^^^^^^^^^^^^^^^^^^^^^^^^^^^^^^^^^^^^^^^^^\n  File \"C:\\Users\\metal\\PycharmProjects\\Project_1\\venv\\Lib\\site-packages\\selenium\\webdriver\\remote\\webdriver.py\", line 345, in execute\n    self.error_handler.check_response(response)\n  File \"C:\\Users\\metal\\PycharmProjects\\Project_1\\venv\\Lib\\site-packages\\selenium\\webdriver\\remote\\errorhandler.py\", line 229, in check_response\n    raise exception_class(message, screen, stacktrace)\n"}, "steps": [{"name": "Given Open Login page", "status": "passed", "start": 1692708690633, "stop": 1692708690633}, {"name": "When Login as \"admin\"", "status": "passed", "start": 1692708690633, "stop": 1692708696158}, {"name": "Then Verify user is logged in on the Home page", "status": "passed", "start": 1692708696158, "stop": 1692708696181}, {"name": "When Click \"Photos\" in app menu on the Home page", "status": "broken", "statusDetails": {"message": "selenium.common.exceptions.NoSuchElementException: Message: no such element: Unable to locate element: {\"method\":\"xpath\",\"selector\":\"//li[@data-app-id='Photos']\"}\n  (Session info: chrome=116.0.5845.97); For documentation on this error, please visit: https://www.selenium.dev/documentation/webdriver/troubleshooting/errors#no-such-element-exception\nStacktrace:\n\tGetHandleVerifier [0x00007FF682D252A2+57122]\n\t(No symbol) [0x00007FF682C9EA92]\n\t(No symbol) [0x00007FF682B6E3AB]\n\t(No symbol) [0x00007FF682BA7D3E]\n\t(No symbol) [0x00007FF682BA7E2C]\n\t(No symbol) [0x00007FF682BE0B67]\n\t(No symbol) [0x00007FF682BC701F]\n\t(No symbol) [0x00007FF682BDEB82]\n\t(No symbol) [0x00007FF682BC6DB3]\n\t(No symbol) [0x00007FF682B9D2B1]\n\t(No symbol) [0x00007FF682B9E494]\n\tGetHandleVerifier [0x00007FF682FCEF82+2849794]\n\tGetHandleVerifier [0x00007FF683021D24+3189156]\n\tGetHandleVerifier [0x00007FF68301ACAF+3160367]\n\tGetHandleVerifier [0x00007FF682DB6D06+653702]\n\t(No symbol) [0x00007FF682CAA208]\n\t(No symbol) [0x00007FF682CA62C4]\n\t(No symbol) [0x00007FF682CA63F6]\n\t(No symbol) [0x00007FF682C967A3]\n\tBaseThreadInitThunk [0x00007FF920847614+20]\n\tRtlUserThreadStart [0x00007FF921B426B1+33]\n\n", "trace": "  File \"C:\\Users\\metal\\PycharmProjects\\Project_1\\venv\\Lib\\site-packages\\behave\\model.py\", line 1329, in run\n    match.run(runner.context)\n  File \"C:\\Users\\metal\\PycharmProjects\\Project_1\\venv\\Lib\\site-packages\\behave\\matchers.py\", line 98, in run\n    self.func(context, *args, **kwargs)\n  File \"features\\steps\\HomePageSteps.py\", line 14, in step_impl\n    HomePage(context.driver).select_app_in_app_menu(app_title)\n  File \"C:\\Users\\metal\\PycharmProjects\\Project_1\\features\\pages\\HomePage.py\", line 15, in select_app_in_app_menu\n    self.driver.find_element(By.XPATH, self.files_app_menu_xpath.format(txt = app_title)).click()\n    ^^^^^^^^^^^^^^^^^^^^^^^^^^^^^^^^^^^^^^^^^^^^^^^^^^^^^^^^^^^^^^^^^^^^^^^^^^^^^^^^^^^^^\n  File \"C:\\Users\\metal\\PycharmProjects\\Project_1\\venv\\Lib\\site-packages\\selenium\\webdriver\\remote\\webdriver.py\", line 739, in find_element\n    return self.execute(Command.FIND_ELEMENT, {\"using\": by, \"value\": value})[\"value\"]\n           ^^^^^^^^^^^^^^^^^^^^^^^^^^^^^^^^^^^^^^^^^^^^^^^^^^^^^^^^^^^^^^^^^\n  File \"C:\\Users\\metal\\PycharmProjects\\Project_1\\venv\\Lib\\site-packages\\selenium\\webdriver\\remote\\webdriver.py\", line 345, in execute\n    self.error_handler.check_response(response)\n  File \"C:\\Users\\metal\\PycharmProjects\\Project_1\\venv\\Lib\\site-packages\\selenium\\webdriver\\remote\\errorhandler.py\", line 229, in check_response\n    raise exception_class(message, screen, stacktrace)\n"}, "attachments": [{"name": "failed_screenshot", "source": "b1cf8834-2a2f-4537-881c-206657534958-attachment.png", "type": "image/png"}], "start": 1692708696181, "stop": 1692708706747}, {"name": "And Select \"Documents\" folder on the Files page", "status": "skipped", "start": 1692708708974, "stop": 1692708708974}, {"name": "And Select \"Welcome to Nextcloud Hub\" file on the Files page", "status": "skipped", "start": 1692708708974, "stop": 1692708708974}, {"name": "Then Verify office document is opened on the Files page", "status": "skipped", "start": 1692708708974, "stop": 1692708708974}], "start": 1692708686430, "stop": 1692708708974, "uuid": "effa68a4-3eee-4736-844c-9a0828e0caec", "historyId": "4c3f8e2d02bcd0b973fc010ff70601ca", "fullName": "Media/Photos functionality: Admin login", "labels": [{"name": "severity", "value": "normal"}, {"name": "feature", "value": "Media/Photos functionality"}, {"name": "framework", "value": "behave"}, {"name": "language", "value": "cpython3"}]}