{"name": "Admin login", "status": "broken", "statusDetails": {"message": "selenium.common.exceptions.NoSuchElementException: Message: no such element: Unable to locate element: {\"method\":\"xpath\",\"selector\":\"//div[@id='app-content-files']//td[.//span[@title='Documents']]\"}\n  (Session info: chrome=116.0.5845.141); For documentation on this error, please visit: https://www.selenium.dev/documentation/webdriver/troubleshooting/errors#no-such-element-exception\nStacktrace:\n\tGetHandleVerifier [0x00007FF6C8E352A2+57122]\n\t(No symbol) [0x00007FF6C8DAEA92]\n\t(No symbol) [0x00007FF6C8C7E3AB]\n\t(No symbol) [0x00007FF6C8CB7D3E]\n\t(No symbol) [0x00007FF6C8CB7E2C]\n\t(No symbol) [0x00007FF6C8CF0B67]\n\t(No symbol) [0x00007FF6C8CD701F]\n\t(No symbol) [0x00007FF6C8CEEB82]\n\t(No symbol) [0x00007FF6C8CD6DB3]\n\t(No symbol) [0x00007FF6C8CAD2B1]\n\t(No symbol) [0x00007FF6C8CAE494]\n\tGetHandleVerifier [0x00007FF6C90DEF82+2849794]\n\tGetHandleVerifier [0x00007FF6C9131D24+3189156]\n\tGetHandleVerifier [0x00007FF6C912ACAF+3160367]\n\tGetHandleVerifier [0x00007FF6C8EC6D06+653702]\n\t(No symbol) [0x00007FF6C8DBA208]\n\t(No symbol) [0x00007FF6C8DB62C4]\n\t(No symbol) [0x00007FF6C8DB63F6]\n\t(No symbol) [0x00007FF6C8DA67A3]\n\tBaseThreadInitThunk [0x00007FF836CF7344+20]\n\tRtlUserThreadStart [0x00007FF8389226B1+33]\n\n", "trace": "  File \"C:\\Users\\metal\\PycharmProjects\\Project_1\\venv\\Lib\\site-packages\\behave\\model.py\", line 1329, in run\n    match.run(runner.context)\n  File \"C:\\Users\\metal\\PycharmProjects\\Project_1\\venv\\Lib\\site-packages\\behave\\matchers.py\", line 98, in run\n    self.func(context, *args, **kwargs)\n  File \"features\\steps\\FilesPageSteps.py\", line 8, in step_impl\n    FilesPage(context.driver).click_on_folder_by_title(foldername)\n  File \"C:\\LocalRepos\\NextCloudDemoTests\\features\\pages\\FilesPage.py\", line 17, in click_on_folder_by_title\n    self.driver.find_element(By.XPATH, self.folder_row_in_files_container_by_text_xpath).click()\n    ^^^^^^^^^^^^^^^^^^^^^^^^^^^^^^^^^^^^^^^^^^^^^^^^^^^^^^^^^^^^^^^^^^^^^^^^^^^^^^^^^^^^\n  File \"C:\\Users\\metal\\PycharmProjects\\Project_1\\venv\\Lib\\site-packages\\selenium\\webdriver\\remote\\webdriver.py\", line 739, in find_element\n    return self.execute(Command.FIND_ELEMENT, {\"using\": by, \"value\": value})[\"value\"]\n           ^^^^^^^^^^^^^^^^^^^^^^^^^^^^^^^^^^^^^^^^^^^^^^^^^^^^^^^^^^^^^^^^^\n  File \"C:\\Users\\metal\\PycharmProjects\\Project_1\\venv\\Lib\\site-packages\\selenium\\webdriver\\remote\\webdriver.py\", line 345, in execute\n    self.error_handler.check_response(response)\n  File \"C:\\Users\\metal\\PycharmProjects\\Project_1\\venv\\Lib\\site-packages\\selenium\\webdriver\\remote\\errorhandler.py\", line 229, in check_response\n    raise exception_class(message, screen, stacktrace)\n"}, "steps": [{"name": "Given Open Login page", "status": "passed", "start": 1693902312856, "stop": 1693902312856}, {"name": "When Login as \"admin\"", "status": "passed", "start": 1693902312857, "stop": 1693902319000}, {"name": "Then Verify user is logged in on the Home page", "status": "passed", "start": 1693902319000, "stop": 1693902319041}, {"name": "When Click \"photos\" in app menu on the Home page", "status": "passed", "start": 1693902319041, "stop": 1693902321633}, {"name": "And Select \"Documents\" folder on the Files page", "status": "broken", "statusDetails": {"message": "selenium.common.exceptions.NoSuchElementException: Message: no such element: Unable to locate element: {\"method\":\"xpath\",\"selector\":\"//div[@id='app-content-files']//td[.//span[@title='Documents']]\"}\n  (Session info: chrome=116.0.5845.141); For documentation on this error, please visit: https://www.selenium.dev/documentation/webdriver/troubleshooting/errors#no-such-element-exception\nStacktrace:\n\tGetHandleVerifier [0x00007FF6C8E352A2+57122]\n\t(No symbol) [0x00007FF6C8DAEA92]\n\t(No symbol) [0x00007FF6C8C7E3AB]\n\t(No symbol) [0x00007FF6C8CB7D3E]\n\t(No symbol) [0x00007FF6C8CB7E2C]\n\t(No symbol) [0x00007FF6C8CF0B67]\n\t(No symbol) [0x00007FF6C8CD701F]\n\t(No symbol) [0x00007FF6C8CEEB82]\n\t(No symbol) [0x00007FF6C8CD6DB3]\n\t(No symbol) [0x00007FF6C8CAD2B1]\n\t(No symbol) [0x00007FF6C8CAE494]\n\tGetHandleVerifier [0x00007FF6C90DEF82+2849794]\n\tGetHandleVerifier [0x00007FF6C9131D24+3189156]\n\tGetHandleVerifier [0x00007FF6C912ACAF+3160367]\n\tGetHandleVerifier [0x00007FF6C8EC6D06+653702]\n\t(No symbol) [0x00007FF6C8DBA208]\n\t(No symbol) [0x00007FF6C8DB62C4]\n\t(No symbol) [0x00007FF6C8DB63F6]\n\t(No symbol) [0x00007FF6C8DA67A3]\n\tBaseThreadInitThunk [0x00007FF836CF7344+20]\n\tRtlUserThreadStart [0x00007FF8389226B1+33]\n\n", "trace": "  File \"C:\\Users\\metal\\PycharmProjects\\Project_1\\venv\\Lib\\site-packages\\behave\\model.py\", line 1329, in run\n    match.run(runner.context)\n  File \"C:\\Users\\metal\\PycharmProjects\\Project_1\\venv\\Lib\\site-packages\\behave\\matchers.py\", line 98, in run\n    self.func(context, *args, **kwargs)\n  File \"features\\steps\\FilesPageSteps.py\", line 8, in step_impl\n    FilesPage(context.driver).click_on_folder_by_title(foldername)\n  File \"C:\\LocalRepos\\NextCloudDemoTests\\features\\pages\\FilesPage.py\", line 17, in click_on_folder_by_title\n    self.driver.find_element(By.XPATH, self.folder_row_in_files_container_by_text_xpath).click()\n    ^^^^^^^^^^^^^^^^^^^^^^^^^^^^^^^^^^^^^^^^^^^^^^^^^^^^^^^^^^^^^^^^^^^^^^^^^^^^^^^^^^^^\n  File \"C:\\Users\\metal\\PycharmProjects\\Project_1\\venv\\Lib\\site-packages\\selenium\\webdriver\\remote\\webdriver.py\", line 739, in find_element\n    return self.execute(Command.FIND_ELEMENT, {\"using\": by, \"value\": value})[\"value\"]\n           ^^^^^^^^^^^^^^^^^^^^^^^^^^^^^^^^^^^^^^^^^^^^^^^^^^^^^^^^^^^^^^^^^\n  File \"C:\\Users\\metal\\PycharmProjects\\Project_1\\venv\\Lib\\site-packages\\selenium\\webdriver\\remote\\webdriver.py\", line 345, in execute\n    self.error_handler.check_response(response)\n  File \"C:\\Users\\metal\\PycharmProjects\\Project_1\\venv\\Lib\\site-packages\\selenium\\webdriver\\remote\\errorhandler.py\", line 229, in check_response\n    raise exception_class(message, screen, stacktrace)\n"}, "attachments": [{"name": "failed_screenshot", "source": "1b9951a9-dadf-40f6-af12-354c7c3c8287-attachment.png", "type": "image/png"}], "start": 1693902321633, "stop": 1693902333272}, {"name": "And Select \"Welcome to Nextcloud Hub\" file on the Files page", "status": "skipped", "start": 1693902335514, "stop": 1693902335514}, {"name": "Then Verify office document is opened on the Files page", "status": "skipped", "start": 1693902335514, "stop": 1693902335514}], "start": 1693902307504, "stop": 1693902335514, "uuid": "6b368c28-2d30-477c-ad9f-8e100cb8c615", "historyId": "4c3f8e2d02bcd0b973fc010ff70601ca", "fullName": "Media/Photos functionality: Admin login", "labels": [{"name": "severity", "value": "normal"}, {"name": "feature", "value": "Media/Photos functionality"}, {"name": "framework", "value": "behave"}, {"name": "language", "value": "cpython3"}]}